[ 2024-06-20 10:46:04,423 ] 224 werkzeug - WARNING -  * Debugger is active!
[ 2024-06-20 10:46:04,448 ] 224 werkzeug - INFO -  * Debugger PIN: 126-193-033
[ 2024-06-20 10:47:22,079 ] 107 root - INFO - Prediction pipeline has begun
[ 2024-06-20 10:47:22,080 ] 43 root - INFO - Creating the file path
[ 2024-06-20 10:47:22,093 ] 84 root - INFO - Dataframe has been received from the user
[ 2024-06-20 10:47:22,094 ] 86 root - INFO - Dataframe is being converted to pandas dataframe
[ 2024-06-20 10:47:22,287 ] 88 root - INFO - Cleaning the data
[ 2024-06-20 10:47:22,288 ] 59 root - INFO - Predicting the output
[ 2024-06-20 10:47:22,288 ] 36 root - INFO - Load object fn. start
[ 2024-06-20 10:47:22,296 ] 40 root - INFO - object was loaded sucessfully
[ 2024-06-20 10:47:22,297 ] 36 root - INFO - Load object fn. start
[ 2024-06-20 10:47:22,298 ] 40 root - INFO - object was loaded sucessfully
[ 2024-06-20 10:47:22,336 ] 64 root - INFO - Prediction was done sucessfully
[ 2024-06-20 10:47:22,337 ] 91 root - INFO - Creating the prediction column in dataframe and decoding the output
[ 2024-06-20 10:47:22,344 ] 95 root - INFO - Saving the predicted dataframe
[ 2024-06-20 10:47:22,459 ] 98 root - INFO - Prediction completed
[ 2024-06-20 10:47:22,460 ] 110 root - INFO - Prediction pipeline completed
[ 2024-06-20 10:47:22,460 ] 40 root - INFO - prediction completed. Downloading prediction file.
[ 2024-06-20 10:47:22,544 ] 224 werkzeug - INFO - 127.0.0.1 - - [20/Jun/2024 10:47:22] "[35m[1mPOST /predict HTTP/1.1[0m" 0 -
[ 2024-06-20 10:47:31,129 ] 224 werkzeug - INFO - 127.0.0.1 - - [20/Jun/2024 10:47:31] "GET / HTTP/1.1" 200 -
[ 2024-06-20 10:47:38,613 ] 224 werkzeug - INFO - 127.0.0.1 - - [20/Jun/2024 10:47:38] "GET /predict HTTP/1.1" 200 -
[ 2024-06-20 10:47:39,016 ] 224 werkzeug - INFO - 127.0.0.1 - - [20/Jun/2024 10:47:39] "[36mGET /static/css/style.css HTTP/1.1[0m" 304 -
[ 2024-06-20 10:47:39,047 ] 224 werkzeug - INFO - 127.0.0.1 - - [20/Jun/2024 10:47:39] "[33mGET /script.js HTTP/1.1[0m" 404 -
[ 2024-06-20 10:47:53,360 ] 107 root - INFO - Prediction pipeline has begun
[ 2024-06-20 10:47:53,360 ] 43 root - INFO - Creating the file path
[ 2024-06-20 10:47:53,368 ] 84 root - INFO - Dataframe has been received from the user
[ 2024-06-20 10:47:53,368 ] 86 root - INFO - Dataframe is being converted to pandas dataframe
[ 2024-06-20 10:47:53,528 ] 88 root - INFO - Cleaning the data
[ 2024-06-20 10:47:53,529 ] 59 root - INFO - Predicting the output
[ 2024-06-20 10:47:53,529 ] 36 root - INFO - Load object fn. start
[ 2024-06-20 10:47:53,535 ] 40 root - INFO - object was loaded sucessfully
[ 2024-06-20 10:47:53,535 ] 36 root - INFO - Load object fn. start
[ 2024-06-20 10:47:53,536 ] 40 root - INFO - object was loaded sucessfully
[ 2024-06-20 10:47:53,571 ] 64 root - INFO - Prediction was done sucessfully
[ 2024-06-20 10:47:53,572 ] 91 root - INFO - Creating the prediction column in dataframe and decoding the output
[ 2024-06-20 10:47:53,580 ] 95 root - INFO - Saving the predicted dataframe
[ 2024-06-20 10:47:53,689 ] 98 root - INFO - Prediction completed
[ 2024-06-20 10:47:53,689 ] 110 root - INFO - Prediction pipeline completed
[ 2024-06-20 10:47:53,690 ] 40 root - INFO - prediction completed. Downloading prediction file.
[ 2024-06-20 10:47:53,712 ] 224 werkzeug - INFO - 127.0.0.1 - - [20/Jun/2024 10:47:53] "[35m[1mPOST /predict HTTP/1.1[0m" 0 -
